ERROR 2023-01-03 17:29:57,853 log 28880 30076 Internal Server Error: /
Traceback (most recent call last):
  File "D:\django_project\env\lib\site-packages\django\core\handlers\exception.py", line 55, in inner
    response = get_response(request)
  File "D:\django_project\env\lib\site-packages\django\core\handlers\base.py", line 197, in _get_response
    response = wrapped_callback(request, *callback_args, **callback_kwargs)
  File "D:\django_project\my_blog\article\views.py", line 79, in article_list
    return render(request, 'article/list.html', context)
  File "D:\django_project\env\lib\site-packages\django\shortcuts.py", line 24, in render
    content = loader.render_to_string(template_name, context, request, using=using)
  File "D:\django_project\env\lib\site-packages\django\template\loader.py", line 61, in render_to_string
    template = get_template(template_name, using=using)
  File "D:\django_project\env\lib\site-packages\django\template\loader.py", line 15, in get_template
    return engine.get_template(template_name)
  File "D:\django_project\env\lib\site-packages\django\template\backends\django.py", line 34, in get_template
    return Template(self.engine.get_template(template_name), self)
  File "D:\django_project\env\lib\site-packages\django\template\engine.py", line 175, in get_template
    template, origin = self.find_template(template_name)
  File "D:\django_project\env\lib\site-packages\django\template\engine.py", line 157, in find_template
    template = loader.get_template(name, skip=skip)
  File "D:\django_project\env\lib\site-packages\django\template\loaders\cached.py", line 57, in get_template
    template = super().get_template(template_name, skip)
  File "D:\django_project\env\lib\site-packages\django\template\loaders\base.py", line 28, in get_template
    return Template(
  File "D:\django_project\env\lib\site-packages\django\template\base.py", line 154, in __init__
    self.nodelist = self.compile_nodelist()
  File "D:\django_project\env\lib\site-packages\django\template\base.py", line 200, in compile_nodelist
    return parser.parse()
  File "D:\django_project\env\lib\site-packages\django\template\base.py", line 513, in parse
    raise self.error(token, e)
  File "D:\django_project\env\lib\site-packages\django\template\base.py", line 511, in parse
    compiled_result = compile_func(self, token)
  File "D:\django_project\env\lib\site-packages\django\template\loader_tags.py", line 293, in do_extends
    nodelist = parser.parse()
  File "D:\django_project\env\lib\site-packages\django\template\base.py", line 513, in parse
    raise self.error(token, e)
  File "D:\django_project\env\lib\site-packages\django\template\base.py", line 511, in parse
    compiled_result = compile_func(self, token)
  File "D:\django_project\env\lib\site-packages\django\template\loader_tags.py", line 232, in do_block
    nodelist = parser.parse(("endblock",))
  File "D:\django_project\env\lib\site-packages\django\template\base.py", line 513, in parse
    raise self.error(token, e)
  File "D:\django_project\env\lib\site-packages\django\template\base.py", line 511, in parse
    compiled_result = compile_func(self, token)
  File "D:\django_project\env\lib\site-packages\django\template\defaulttags.py", line 854, in do_for
    nodelist_loop = parser.parse(
  File "D:\django_project\env\lib\site-packages\django\template\base.py", line 484, in parse
    raise self.error(token, e)
  File "D:\django_project\env\lib\site-packages\django\template\base.py", line 482, in parse
    filter_expression = self.compile_filter(token.contents)
  File "D:\django_project\env\lib\site-packages\django\template\base.py", line 600, in compile_filter
    return FilterExpression(token, self)
  File "D:\django_project\env\lib\site-packages\django\template\base.py", line 698, in __init__
    filter_func = parser.find_filter(filter_name)
  File "D:\django_project\env\lib\site-packages\django\template\base.py", line 606, in find_filter
    raise TemplateSyntaxError("Invalid filter: '%s'" % filter_name)
django.template.exceptions.TemplateSyntaxError: Invalid filter: 'timesince_zh'
ERROR 2023-01-03 17:46:54,054 log 28880 25624 Internal Server Error: /
Traceback (most recent call last):
  File "D:\django_project\env\lib\site-packages\django\template\defaulttags.py", line 1027, in find_library
    return parser.libraries[name]
KeyError: 'my_filters_and_tags'

During handling of the above exception, another exception occurred:

Traceback (most recent call last):
  File "D:\django_project\env\lib\site-packages\django\core\handlers\exception.py", line 55, in inner
    response = get_response(request)
  File "D:\django_project\env\lib\site-packages\django\core\handlers\base.py", line 197, in _get_response
    response = wrapped_callback(request, *callback_args, **callback_kwargs)
  File "D:\django_project\my_blog\article\views.py", line 79, in article_list
    return render(request, 'article/list.html', context)
  File "D:\django_project\env\lib\site-packages\django\shortcuts.py", line 24, in render
    content = loader.render_to_string(template_name, context, request, using=using)
  File "D:\django_project\env\lib\site-packages\django\template\loader.py", line 61, in render_to_string
    template = get_template(template_name, using=using)
  File "D:\django_project\env\lib\site-packages\django\template\loader.py", line 15, in get_template
    return engine.get_template(template_name)
  File "D:\django_project\env\lib\site-packages\django\template\backends\django.py", line 34, in get_template
    return Template(self.engine.get_template(template_name), self)
  File "D:\django_project\env\lib\site-packages\django\template\engine.py", line 175, in get_template
    template, origin = self.find_template(template_name)
  File "D:\django_project\env\lib\site-packages\django\template\engine.py", line 157, in find_template
    template = loader.get_template(name, skip=skip)
  File "D:\django_project\env\lib\site-packages\django\template\loaders\cached.py", line 57, in get_template
    template = super().get_template(template_name, skip)
  File "D:\django_project\env\lib\site-packages\django\template\loaders\base.py", line 28, in get_template
    return Template(
  File "D:\django_project\env\lib\site-packages\django\template\base.py", line 154, in __init__
    self.nodelist = self.compile_nodelist()
  File "D:\django_project\env\lib\site-packages\django\template\base.py", line 200, in compile_nodelist
    return parser.parse()
  File "D:\django_project\env\lib\site-packages\django\template\base.py", line 513, in parse
    raise self.error(token, e)
  File "D:\django_project\env\lib\site-packages\django\template\base.py", line 511, in parse
    compiled_result = compile_func(self, token)
  File "D:\django_project\env\lib\site-packages\django\template\loader_tags.py", line 293, in do_extends
    nodelist = parser.parse()
  File "D:\django_project\env\lib\site-packages\django\template\base.py", line 513, in parse
    raise self.error(token, e)
  File "D:\django_project\env\lib\site-packages\django\template\base.py", line 511, in parse
    compiled_result = compile_func(self, token)
  File "D:\django_project\env\lib\site-packages\django\template\defaulttags.py", line 1089, in load
    lib = find_library(parser, name)
  File "D:\django_project\env\lib\site-packages\django\template\defaulttags.py", line 1029, in find_library
    raise TemplateSyntaxError(
django.template.exceptions.TemplateSyntaxError: 'my_filters_and_tags' is not a registered tag library. Must be one of:
account
admin_list
admin_modify
admin_urls
cache
i18n
l10n
log
mptt_admin
mptt_tags
notifications_tags
socialaccount
static
tz
ERROR 2023-01-03 17:49:52,248 log 28880 25624 Internal Server Error: /
Traceback (most recent call last):
  File "D:\django_project\env\lib\site-packages\django\template\defaulttags.py", line 1027, in find_library
    return parser.libraries[name]
KeyError: 'my_filters_and_tags'

During handling of the above exception, another exception occurred:

Traceback (most recent call last):
  File "D:\django_project\env\lib\site-packages\django\core\handlers\exception.py", line 55, in inner
    response = get_response(request)
  File "D:\django_project\env\lib\site-packages\django\core\handlers\base.py", line 197, in _get_response
    response = wrapped_callback(request, *callback_args, **callback_kwargs)
  File "D:\django_project\my_blog\article\views.py", line 79, in article_list
    return render(request, 'article/list.html', context)
  File "D:\django_project\env\lib\site-packages\django\shortcuts.py", line 24, in render
    content = loader.render_to_string(template_name, context, request, using=using)
  File "D:\django_project\env\lib\site-packages\django\template\loader.py", line 61, in render_to_string
    template = get_template(template_name, using=using)
  File "D:\django_project\env\lib\site-packages\django\template\loader.py", line 15, in get_template
    return engine.get_template(template_name)
  File "D:\django_project\env\lib\site-packages\django\template\backends\django.py", line 34, in get_template
    return Template(self.engine.get_template(template_name), self)
  File "D:\django_project\env\lib\site-packages\django\template\engine.py", line 175, in get_template
    template, origin = self.find_template(template_name)
  File "D:\django_project\env\lib\site-packages\django\template\engine.py", line 157, in find_template
    template = loader.get_template(name, skip=skip)
  File "D:\django_project\env\lib\site-packages\django\template\loaders\cached.py", line 57, in get_template
    template = super().get_template(template_name, skip)
  File "D:\django_project\env\lib\site-packages\django\template\loaders\base.py", line 28, in get_template
    return Template(
  File "D:\django_project\env\lib\site-packages\django\template\base.py", line 154, in __init__
    self.nodelist = self.compile_nodelist()
  File "D:\django_project\env\lib\site-packages\django\template\base.py", line 200, in compile_nodelist
    return parser.parse()
  File "D:\django_project\env\lib\site-packages\django\template\base.py", line 513, in parse
    raise self.error(token, e)
  File "D:\django_project\env\lib\site-packages\django\template\base.py", line 511, in parse
    compiled_result = compile_func(self, token)
  File "D:\django_project\env\lib\site-packages\django\template\loader_tags.py", line 293, in do_extends
    nodelist = parser.parse()
  File "D:\django_project\env\lib\site-packages\django\template\base.py", line 513, in parse
    raise self.error(token, e)
  File "D:\django_project\env\lib\site-packages\django\template\base.py", line 511, in parse
    compiled_result = compile_func(self, token)
  File "D:\django_project\env\lib\site-packages\django\template\defaulttags.py", line 1089, in load
    lib = find_library(parser, name)
  File "D:\django_project\env\lib\site-packages\django\template\defaulttags.py", line 1029, in find_library
    raise TemplateSyntaxError(
django.template.exceptions.TemplateSyntaxError: 'my_filters_and_tags' is not a registered tag library. Must be one of:
account
admin_list
admin_modify
admin_urls
cache
i18n
l10n
log
mptt_admin
mptt_tags
notifications_tags
socialaccount
static
tz
ERROR 2023-01-03 17:49:57,743 log 28880 25624 Internal Server Error: /
Traceback (most recent call last):
  File "D:\django_project\env\lib\site-packages\django\template\defaulttags.py", line 1027, in find_library
    return parser.libraries[name]
KeyError: 'my_filters_and_tags'

During handling of the above exception, another exception occurred:

Traceback (most recent call last):
  File "D:\django_project\env\lib\site-packages\django\core\handlers\exception.py", line 55, in inner
    response = get_response(request)
  File "D:\django_project\env\lib\site-packages\django\core\handlers\base.py", line 197, in _get_response
    response = wrapped_callback(request, *callback_args, **callback_kwargs)
  File "D:\django_project\my_blog\article\views.py", line 79, in article_list
    return render(request, 'article/list.html', context)
  File "D:\django_project\env\lib\site-packages\django\shortcuts.py", line 24, in render
    content = loader.render_to_string(template_name, context, request, using=using)
  File "D:\django_project\env\lib\site-packages\django\template\loader.py", line 61, in render_to_string
    template = get_template(template_name, using=using)
  File "D:\django_project\env\lib\site-packages\django\template\loader.py", line 15, in get_template
    return engine.get_template(template_name)
  File "D:\django_project\env\lib\site-packages\django\template\backends\django.py", line 34, in get_template
    return Template(self.engine.get_template(template_name), self)
  File "D:\django_project\env\lib\site-packages\django\template\engine.py", line 175, in get_template
    template, origin = self.find_template(template_name)
  File "D:\django_project\env\lib\site-packages\django\template\engine.py", line 157, in find_template
    template = loader.get_template(name, skip=skip)
  File "D:\django_project\env\lib\site-packages\django\template\loaders\cached.py", line 57, in get_template
    template = super().get_template(template_name, skip)
  File "D:\django_project\env\lib\site-packages\django\template\loaders\base.py", line 28, in get_template
    return Template(
  File "D:\django_project\env\lib\site-packages\django\template\base.py", line 154, in __init__
    self.nodelist = self.compile_nodelist()
  File "D:\django_project\env\lib\site-packages\django\template\base.py", line 200, in compile_nodelist
    return parser.parse()
  File "D:\django_project\env\lib\site-packages\django\template\base.py", line 513, in parse
    raise self.error(token, e)
  File "D:\django_project\env\lib\site-packages\django\template\base.py", line 511, in parse
    compiled_result = compile_func(self, token)
  File "D:\django_project\env\lib\site-packages\django\template\loader_tags.py", line 293, in do_extends
    nodelist = parser.parse()
  File "D:\django_project\env\lib\site-packages\django\template\base.py", line 513, in parse
    raise self.error(token, e)
  File "D:\django_project\env\lib\site-packages\django\template\base.py", line 511, in parse
    compiled_result = compile_func(self, token)
  File "D:\django_project\env\lib\site-packages\django\template\defaulttags.py", line 1089, in load
    lib = find_library(parser, name)
  File "D:\django_project\env\lib\site-packages\django\template\defaulttags.py", line 1029, in find_library
    raise TemplateSyntaxError(
django.template.exceptions.TemplateSyntaxError: 'my_filters_and_tags' is not a registered tag library. Must be one of:
account
admin_list
admin_modify
admin_urls
cache
i18n
l10n
log
mptt_admin
mptt_tags
notifications_tags
socialaccount
static
tz
WARNING 2023-01-03 18:00:24,582 log 11284 31428 Not Found: /static/md_css/monokai.css
WARNING 2023-01-03 18:00:24,583 log 11284 19460 Not Found: /static/jquery/jquery.js
WARNING 2023-01-03 18:00:24,589 log 11284 19460 Not Found: /media/0
WARNING 2023-01-03 18:00:31,331 log 11284 19460 Not Found: /static/md_css/monokai.css
WARNING 2023-01-03 18:00:31,335 log 11284 31428 Not Found: /static/ckeditor/ckeditor/plugins/prism/lib/prism/prism_patched.min.js
WARNING 2023-01-03 18:00:31,338 log 11284 32524 Not Found: /static/prism/prism.css
WARNING 2023-01-03 18:00:31,339 log 11284 19460 Not Found: /static/sticky_sidebar/jquery.sticky-sidebar.min.js
WARNING 2023-01-03 18:00:31,341 log 11284 10760 Not Found: /static/csrf.js
WARNING 2023-01-03 18:00:31,345 log 11284 27960 Not Found: /static/jquery/jquery.js
ERROR 2023-01-03 18:00:38,308 log 11284 27960 Internal Server Error: /userprofile/login/
Traceback (most recent call last):
  File "D:\django_project\env\lib\site-packages\django\core\handlers\exception.py", line 55, in inner
    response = get_response(request)
  File "D:\django_project\env\lib\site-packages\django\core\handlers\base.py", line 197, in _get_response
    response = wrapped_callback(request, *callback_args, **callback_kwargs)
  File "D:\django_project\my_blog\userprofile\views.py", line 34, in user_login
    return render(request, 'userprofile/login.html', context)
  File "D:\django_project\env\lib\site-packages\django\shortcuts.py", line 24, in render
    content = loader.render_to_string(template_name, context, request, using=using)
  File "D:\django_project\env\lib\site-packages\django\template\loader.py", line 62, in render_to_string
    return template.render(context, request)
  File "D:\django_project\env\lib\site-packages\django\template\backends\django.py", line 62, in render
    return self.template.render(context)
  File "D:\django_project\env\lib\site-packages\django\template\base.py", line 175, in render
    return self._render(context)
  File "D:\django_project\env\lib\site-packages\django\template\base.py", line 167, in _render
    return self.nodelist.render(context)
  File "D:\django_project\env\lib\site-packages\django\template\base.py", line 1005, in render
    return SafeString("".join([node.render_annotated(context) for node in self]))
  File "D:\django_project\env\lib\site-packages\django\template\base.py", line 1005, in <listcomp>
    return SafeString("".join([node.render_annotated(context) for node in self]))
  File "D:\django_project\env\lib\site-packages\django\template\base.py", line 966, in render_annotated
    return self.render(context)
  File "D:\django_project\env\lib\site-packages\django\template\loader_tags.py", line 157, in render
    return compiled_parent._render(context)
  File "D:\django_project\env\lib\site-packages\django\template\base.py", line 167, in _render
    return self.nodelist.render(context)
  File "D:\django_project\env\lib\site-packages\django\template\base.py", line 1005, in render
    return SafeString("".join([node.render_annotated(context) for node in self]))
  File "D:\django_project\env\lib\site-packages\django\template\base.py", line 1005, in <listcomp>
    return SafeString("".join([node.render_annotated(context) for node in self]))
  File "D:\django_project\env\lib\site-packages\django\template\base.py", line 966, in render_annotated
    return self.render(context)
  File "D:\django_project\env\lib\site-packages\django\template\loader_tags.py", line 63, in render
    result = block.nodelist.render(context)
  File "D:\django_project\env\lib\site-packages\django\template\base.py", line 1005, in render
    return SafeString("".join([node.render_annotated(context) for node in self]))
  File "D:\django_project\env\lib\site-packages\django\template\base.py", line 1005, in <listcomp>
    return SafeString("".join([node.render_annotated(context) for node in self]))
  File "D:\django_project\env\lib\site-packages\django\template\base.py", line 966, in render_annotated
    return self.render(context)
  File "D:\django_project\env\lib\site-packages\django\template\defaulttags.py", line 472, in render
    url = reverse(view_name, args=args, kwargs=kwargs, current_app=current_app)
  File "D:\django_project\env\lib\site-packages\django\urls\base.py", line 88, in reverse
    return resolver._reverse_with_prefix(view, prefix, *args, **kwargs)
  File "D:\django_project\env\lib\site-packages\django\urls\resolvers.py", line 828, in _reverse_with_prefix
    raise NoReverseMatch(msg)
django.urls.exceptions.NoReverseMatch: Reverse for 'password_reset_recover' not found. 'password_reset_recover' is not a valid view function or pattern name.
WARNING 2023-01-03 18:00:49,506 log 11284 27960 Not Found: /static/md_css/monokai.css
WARNING 2023-01-03 18:00:49,507 log 11284 10760 Not Found: /media/0
WARNING 2023-01-03 18:00:49,508 log 11284 32524 Not Found: /static/jquery/jquery.js
WARNING 2023-01-03 18:00:52,363 log 11284 32524 Not Found: /static/md_css/monokai.css
WARNING 2023-01-03 18:00:52,367 log 11284 10760 Not Found: /static/ckeditor/ckeditor/plugins/prism/lib/prism/prism_patched.min.js
WARNING 2023-01-03 18:00:52,369 log 11284 27960 Not Found: /static/prism/prism.css
WARNING 2023-01-03 18:00:52,370 log 11284 32524 Not Found: /static/sticky_sidebar/jquery.sticky-sidebar.min.js
WARNING 2023-01-03 18:00:52,372 log 11284 31428 Not Found: /static/jquery/jquery.js
WARNING 2023-01-03 18:00:52,373 log 11284 32372 Not Found: /static/csrf.js
WARNING 2023-01-03 18:00:58,002 log 11284 32372 Not Found: /static/md_css/monokai.css
WARNING 2023-01-03 18:00:58,003 log 11284 31428 Not Found: /static/ckeditor/ckeditor/plugins/prism/lib/prism/prism_patched.min.js
WARNING 2023-01-03 18:00:58,004 log 11284 27960 Not Found: /static/prism/prism.css
WARNING 2023-01-03 18:00:58,006 log 11284 32524 Not Found: /static/jquery/jquery.js
WARNING 2023-01-03 18:00:58,007 log 11284 10760 Not Found: /static/csrf.js
WARNING 2023-01-03 18:00:58,009 log 11284 13612 Not Found: /static/sticky_sidebar/jquery.sticky-sidebar.min.js
WARNING 2023-01-03 18:00:58,015 log 11284 10760 Not Found: /static/prism/prism.css
WARNING 2023-01-03 18:01:03,508 log 11284 10760 Not Found: /static/md_css/monokai.css
WARNING 2023-01-03 18:01:03,511 log 11284 13612 Not Found: /static/ckeditor/ckeditor/plugins/prism/lib/prism/prism_patched.min.js
WARNING 2023-01-03 18:01:03,512 log 11284 32524 Not Found: /static/prism/prism.css
WARNING 2023-01-03 18:01:03,514 log 11284 27960 Not Found: /static/jquery/jquery.js
WARNING 2023-01-03 18:01:03,516 log 11284 31428 Not Found: /static/csrf.js
WARNING 2023-01-03 18:01:03,518 log 11284 23504 Not Found: /static/sticky_sidebar/jquery.sticky-sidebar.min.js
WARNING 2023-01-03 18:01:04,469 log 11284 23504 Not Found: /static/md_css/monokai.css
WARNING 2023-01-03 18:01:04,472 log 11284 31428 Not Found: /static/ckeditor/ckeditor/plugins/prism/lib/prism/prism_patched.min.js
WARNING 2023-01-03 18:01:04,477 log 11284 27960 Not Found: /static/prism/prism.css
WARNING 2023-01-03 18:01:04,480 log 11284 32524 Not Found: /static/jquery/jquery.js
WARNING 2023-01-03 18:01:04,481 log 11284 13612 Not Found: /static/csrf.js
WARNING 2023-01-03 18:01:04,483 log 11284 10760 Not Found: /static/sticky_sidebar/jquery.sticky-sidebar.min.js
WARNING 2023-01-03 18:01:05,169 log 11284 10760 Not Found: /static/md_css/monokai.css
WARNING 2023-01-03 18:01:05,174 log 11284 13612 Not Found: /static/ckeditor/ckeditor/plugins/prism/lib/prism/prism_patched.min.js
WARNING 2023-01-03 18:01:05,176 log 11284 31428 Not Found: /static/csrf.js
WARNING 2023-01-03 18:01:05,178 log 11284 27960 Not Found: /static/jquery/jquery.js
WARNING 2023-01-03 18:01:05,180 log 11284 32524 Not Found: /static/prism/prism.css
WARNING 2023-01-03 18:01:05,181 log 11284 23504 Not Found: /static/sticky_sidebar/jquery.sticky-sidebar.min.js
ERROR 2023-01-03 18:01:08,785 log 11284 32524 Internal Server Error: /userprofile/login/
Traceback (most recent call last):
  File "D:\django_project\env\lib\site-packages\django\core\handlers\exception.py", line 55, in inner
    response = get_response(request)
  File "D:\django_project\env\lib\site-packages\django\core\handlers\base.py", line 197, in _get_response
    response = wrapped_callback(request, *callback_args, **callback_kwargs)
  File "D:\django_project\my_blog\userprofile\views.py", line 34, in user_login
    return render(request, 'userprofile/login.html', context)
  File "D:\django_project\env\lib\site-packages\django\shortcuts.py", line 24, in render
    content = loader.render_to_string(template_name, context, request, using=using)
  File "D:\django_project\env\lib\site-packages\django\template\loader.py", line 62, in render_to_string
    return template.render(context, request)
  File "D:\django_project\env\lib\site-packages\django\template\backends\django.py", line 62, in render
    return self.template.render(context)
  File "D:\django_project\env\lib\site-packages\django\template\base.py", line 175, in render
    return self._render(context)
  File "D:\django_project\env\lib\site-packages\django\template\base.py", line 167, in _render
    return self.nodelist.render(context)
  File "D:\django_project\env\lib\site-packages\django\template\base.py", line 1005, in render
    return SafeString("".join([node.render_annotated(context) for node in self]))
  File "D:\django_project\env\lib\site-packages\django\template\base.py", line 1005, in <listcomp>
    return SafeString("".join([node.render_annotated(context) for node in self]))
  File "D:\django_project\env\lib\site-packages\django\template\base.py", line 966, in render_annotated
    return self.render(context)
  File "D:\django_project\env\lib\site-packages\django\template\loader_tags.py", line 157, in render
    return compiled_parent._render(context)
  File "D:\django_project\env\lib\site-packages\django\template\base.py", line 167, in _render
    return self.nodelist.render(context)
  File "D:\django_project\env\lib\site-packages\django\template\base.py", line 1005, in render
    return SafeString("".join([node.render_annotated(context) for node in self]))
  File "D:\django_project\env\lib\site-packages\django\template\base.py", line 1005, in <listcomp>
    return SafeString("".join([node.render_annotated(context) for node in self]))
  File "D:\django_project\env\lib\site-packages\django\template\base.py", line 966, in render_annotated
    return self.render(context)
  File "D:\django_project\env\lib\site-packages\django\template\loader_tags.py", line 63, in render
    result = block.nodelist.render(context)
  File "D:\django_project\env\lib\site-packages\django\template\base.py", line 1005, in render
    return SafeString("".join([node.render_annotated(context) for node in self]))
  File "D:\django_project\env\lib\site-packages\django\template\base.py", line 1005, in <listcomp>
    return SafeString("".join([node.render_annotated(context) for node in self]))
  File "D:\django_project\env\lib\site-packages\django\template\base.py", line 966, in render_annotated
    return self.render(context)
  File "D:\django_project\env\lib\site-packages\django\template\defaulttags.py", line 472, in render
    url = reverse(view_name, args=args, kwargs=kwargs, current_app=current_app)
  File "D:\django_project\env\lib\site-packages\django\urls\base.py", line 88, in reverse
    return resolver._reverse_with_prefix(view, prefix, *args, **kwargs)
  File "D:\django_project\env\lib\site-packages\django\urls\resolvers.py", line 828, in _reverse_with_prefix
    raise NoReverseMatch(msg)
django.urls.exceptions.NoReverseMatch: Reverse for 'password_reset_recover' not found. 'password_reset_recover' is not a valid view function or pattern name.
ERROR 2023-01-03 18:02:35,029 log 11284 32524 Internal Server Error: /userprofile/login/
Traceback (most recent call last):
  File "D:\django_project\env\lib\site-packages\django\core\handlers\exception.py", line 55, in inner
    response = get_response(request)
  File "D:\django_project\env\lib\site-packages\django\core\handlers\base.py", line 197, in _get_response
    response = wrapped_callback(request, *callback_args, **callback_kwargs)
  File "D:\django_project\my_blog\userprofile\views.py", line 34, in user_login
    return render(request, 'userprofile/login.html', context)
  File "D:\django_project\env\lib\site-packages\django\shortcuts.py", line 24, in render
    content = loader.render_to_string(template_name, context, request, using=using)
  File "D:\django_project\env\lib\site-packages\django\template\loader.py", line 62, in render_to_string
    return template.render(context, request)
  File "D:\django_project\env\lib\site-packages\django\template\backends\django.py", line 62, in render
    return self.template.render(context)
  File "D:\django_project\env\lib\site-packages\django\template\base.py", line 175, in render
    return self._render(context)
  File "D:\django_project\env\lib\site-packages\django\template\base.py", line 167, in _render
    return self.nodelist.render(context)
  File "D:\django_project\env\lib\site-packages\django\template\base.py", line 1005, in render
    return SafeString("".join([node.render_annotated(context) for node in self]))
  File "D:\django_project\env\lib\site-packages\django\template\base.py", line 1005, in <listcomp>
    return SafeString("".join([node.render_annotated(context) for node in self]))
  File "D:\django_project\env\lib\site-packages\django\template\base.py", line 966, in render_annotated
    return self.render(context)
  File "D:\django_project\env\lib\site-packages\django\template\loader_tags.py", line 157, in render
    return compiled_parent._render(context)
  File "D:\django_project\env\lib\site-packages\django\template\base.py", line 167, in _render
    return self.nodelist.render(context)
  File "D:\django_project\env\lib\site-packages\django\template\base.py", line 1005, in render
    return SafeString("".join([node.render_annotated(context) for node in self]))
  File "D:\django_project\env\lib\site-packages\django\template\base.py", line 1005, in <listcomp>
    return SafeString("".join([node.render_annotated(context) for node in self]))
  File "D:\django_project\env\lib\site-packages\django\template\base.py", line 966, in render_annotated
    return self.render(context)
  File "D:\django_project\env\lib\site-packages\django\template\loader_tags.py", line 63, in render
    result = block.nodelist.render(context)
  File "D:\django_project\env\lib\site-packages\django\template\base.py", line 1005, in render
    return SafeString("".join([node.render_annotated(context) for node in self]))
  File "D:\django_project\env\lib\site-packages\django\template\base.py", line 1005, in <listcomp>
    return SafeString("".join([node.render_annotated(context) for node in self]))
  File "D:\django_project\env\lib\site-packages\django\template\base.py", line 966, in render_annotated
    return self.render(context)
  File "D:\django_project\env\lib\site-packages\django\template\defaulttags.py", line 472, in render
    url = reverse(view_name, args=args, kwargs=kwargs, current_app=current_app)
  File "D:\django_project\env\lib\site-packages\django\urls\base.py", line 88, in reverse
    return resolver._reverse_with_prefix(view, prefix, *args, **kwargs)
  File "D:\django_project\env\lib\site-packages\django\urls\resolvers.py", line 828, in _reverse_with_prefix
    raise NoReverseMatch(msg)
django.urls.exceptions.NoReverseMatch: Reverse for 'password_reset_recover' not found. 'password_reset_recover' is not a valid view function or pattern name.
WARNING 2023-01-03 18:02:46,779 log 11284 32524 Not Found: /static/md_css/monokai.css
WARNING 2023-01-03 18:02:46,783 log 11284 32524 Not Found: /media/0
WARNING 2023-01-03 18:02:46,784 log 11284 23504 Not Found: /static/jquery/jquery.js
WARNING 2023-01-03 18:02:48,596 log 11284 23504 Not Found: /static/md_css/monokai.css
WARNING 2023-01-03 18:02:48,597 log 11284 32524 Not Found: /media/0
WARNING 2023-01-03 18:02:48,598 log 11284 27960 Not Found: /static/jquery/jquery.js
WARNING 2023-01-03 18:02:49,280 log 11284 27960 Not Found: /static/md_css/monokai.css
WARNING 2023-01-03 18:02:49,281 log 11284 32524 Not Found: /media/0
WARNING 2023-01-03 18:02:49,282 log 11284 23504 Not Found: /static/jquery/jquery.js
WARNING 2023-01-03 18:02:50,917 log 11284 23504 Not Found: /static/md_css/monokai.css
WARNING 2023-01-03 18:02:50,918 log 11284 32524 Not Found: /media/0
WARNING 2023-01-03 18:02:50,919 log 11284 27960 Not Found: /static/jquery/jquery.js
WARNING 2023-01-03 18:02:51,856 log 11284 27960 Not Found: /static/md_css/monokai.css
WARNING 2023-01-03 18:02:51,858 log 11284 32524 Not Found: /media/0
WARNING 2023-01-03 18:02:51,859 log 11284 23504 Not Found: /static/jquery/jquery.js
WARNING 2023-01-03 18:02:54,412 log 11284 23504 Not Found: /static/md_css/monokai.css
WARNING 2023-01-03 18:02:54,413 log 11284 32524 Not Found: /media/0
WARNING 2023-01-03 18:02:54,413 log 11284 27960 Not Found: /static/jquery/jquery.js
WARNING 2023-01-03 18:02:54,951 log 11284 27960 Not Found: /static/md_css/monokai.css
WARNING 2023-01-03 18:02:54,952 log 11284 32524 Not Found: /media/0
WARNING 2023-01-03 18:02:54,954 log 11284 23504 Not Found: /static/jquery/jquery.js
WARNING 2023-01-03 18:04:05,684 log 11284 23504 Not Found: /static/admin/css/dark_mode.css
WARNING 2023-01-03 18:04:05,686 log 11284 32524 Not Found: /static/admin/css/base.css
WARNING 2023-01-03 18:04:05,687 log 11284 27960 Not Found: /static/admin/css/nav_sidebar.css
WARNING 2023-01-03 18:04:05,688 log 11284 31428 Not Found: /static/admin/js/nav_sidebar.js
WARNING 2023-01-03 18:04:05,689 log 11284 13612 Not Found: /static/admin/css/login.css
WARNING 2023-01-03 18:04:05,690 log 11284 10760 Not Found: /static/admin/css/responsive.css
WARNING 2023-01-03 18:04:14,138 log 11284 10760 Not Found: /static/admin/css/base.css
WARNING 2023-01-03 18:04:14,140 log 11284 13612 Not Found: /static/admin/css/dark_mode.css
WARNING 2023-01-03 18:04:14,140 log 11284 31428 Not Found: /static/admin/css/nav_sidebar.css
WARNING 2023-01-03 18:04:14,141 log 11284 27960 Not Found: /static/admin/css/dashboard.css
WARNING 2023-01-03 18:04:14,142 log 11284 32524 Not Found: /static/admin/css/responsive.css
WARNING 2023-01-03 18:04:14,147 log 11284 32524 Not Found: /static/admin/js/nav_sidebar.js
WARNING 2023-01-03 18:04:40,134 log 11284 32524 Not Found: /static/admin/css/base.css
WARNING 2023-01-03 18:04:40,135 log 11284 27960 Not Found: /static/admin/css/dark_mode.css
WARNING 2023-01-03 18:04:40,136 log 11284 31428 Not Found: /static/admin/css/nav_sidebar.css
WARNING 2023-01-03 18:04:40,137 log 11284 13612 Not Found: /static/admin/css/dashboard.css
WARNING 2023-01-03 18:04:40,138 log 11284 10760 Not Found: /static/admin/css/responsive.css
WARNING 2023-01-03 18:04:40,146 log 11284 10760 Not Found: /static/admin/js/nav_sidebar.js
WARNING 2023-01-03 18:04:54,079 log 11284 10760 Not Found: /static/admin/css/base.css
WARNING 2023-01-03 18:04:54,081 log 11284 13612 Not Found: /static/admin/css/dark_mode.css
WARNING 2023-01-03 18:04:54,084 log 11284 31428 Not Found: /static/admin/css/forms.css
WARNING 2023-01-03 18:04:54,086 log 11284 32524 Not Found: /static/admin/css/nav_sidebar.css
WARNING 2023-01-03 18:04:54,088 log 11284 23504 Not Found: /static/admin/js/vendor/jquery/jquery.min.js
WARNING 2023-01-03 18:04:54,094 log 11284 10760 Not Found: /static/admin/css/responsive.css
WARNING 2023-01-03 18:04:54,095 log 11284 13612 Not Found: /static/admin/js/jquery.init.js
WARNING 2023-01-03 18:04:54,097 log 11284 31428 Not Found: /static/admin/js/core.js
WARNING 2023-01-03 18:04:54,099 log 11284 32524 Not Found: /static/admin/js/admin/RelatedObjectLookups.js
WARNING 2023-01-03 18:04:54,100 log 11284 23504 Not Found: /static/admin/js/actions.js
WARNING 2023-01-03 18:04:54,104 log 11284 13612 Not Found: /static/admin/js/urlify.js
WARNING 2023-01-03 18:04:54,107 log 11284 10760 Not Found: /static/admin/js/prepopulate.js
WARNING 2023-01-03 18:04:54,109 log 11284 31428 Not Found: /static/admin/js/vendor/xregexp/xregexp.min.js
WARNING 2023-01-03 18:04:54,110 log 11284 32524 Not Found: /static/admin/js/prepopulate_init.js
WARNING 2023-01-03 18:04:54,123 log 11284 32524 Not Found: /static/admin/js/nav_sidebar.js
WARNING 2023-01-03 18:04:54,124 log 11284 31428 Not Found: /static/admin/js/change_form.js
WARNING 2023-01-03 18:04:54,126 log 11284 10760 Not Found: /static/admin/css/responsive.css
WARNING 2023-01-03 18:04:57,211 log 11284 10760 Not Found: /static/admin/css/base.css
WARNING 2023-01-03 18:04:57,212 log 11284 31428 Not Found: /static/admin/css/dark_mode.css
WARNING 2023-01-03 18:04:57,213 log 11284 32524 Not Found: /static/admin/css/nav_sidebar.css
WARNING 2023-01-03 18:04:57,217 log 11284 13612 Not Found: /static/admin/css/changelists.css
WARNING 2023-01-03 18:04:57,220 log 11284 23504 Not Found: /static/admin/js/vendor/jquery/jquery.min.js
WARNING 2023-01-03 18:04:57,223 log 11284 10760 Not Found: /static/admin/css/responsive.css
WARNING 2023-01-03 18:04:57,225 log 11284 31428 Not Found: /static/admin/js/jquery.init.js
WARNING 2023-01-03 18:04:57,227 log 11284 32524 Not Found: /static/admin/js/core.js
WARNING 2023-01-03 18:04:57,231 log 11284 23504 Not Found: /static/admin/js/actions.js
WARNING 2023-01-03 18:04:57,233 log 11284 13612 Not Found: /static/admin/js/admin/RelatedObjectLookups.js
WARNING 2023-01-03 18:04:57,237 log 11284 29304 Not Found: /static/admin/js/urlify.js
WARNING 2023-01-03 18:04:57,239 log 11284 31428 Not Found: /static/admin/js/prepopulate.js
WARNING 2023-01-03 18:04:57,241 log 11284 30124 Not Found: /static/admin/js/vendor/xregexp/xregexp.min.js
WARNING 2023-01-03 18:04:57,251 log 11284 30124 Not Found: /static/admin/js/nav_sidebar.js
WARNING 2023-01-03 18:04:57,253 log 11284 27960 Not Found: /static/admin/js/filters.js
WARNING 2023-01-03 18:04:57,254 log 11284 31428 Not Found: /static/admin/css/responsive.css
WARNING 2023-01-03 18:04:57,255 log 11284 23504 Not Found: /static/admin/img/search.svg
WARNING 2023-01-03 18:05:03,403 log 11284 31428 Not Found: /static/admin/css/base.css
WARNING 2023-01-03 18:05:03,408 log 11284 27960 Not Found: /static/admin/js/core.js
WARNING 2023-01-03 18:05:03,411 log 11284 23504 Not Found: /static/admin/js/admin/RelatedObjectLookups.js
WARNING 2023-01-03 18:05:03,413 log 11284 30124 Not Found: /static/admin/js/urlify.js
WARNING 2023-01-03 18:05:03,415 log 11284 31428 Not Found: /static/admin/css/forms.css
WARNING 2023-01-03 18:05:03,416 log 11284 31856 Not Found: /static/admin/css/dark_mode.css
WARNING 2023-01-03 18:05:03,419 log 11284 32128 Not Found: /static/admin/css/nav_sidebar.css
WARNING 2023-01-03 18:05:03,471 log 11284 27960 Not Found: /static/admin/css/responsive.css
WARNING 2023-01-03 18:05:03,478 log 11284 18312 Not Found: /static/admin/js/vendor/jquery/jquery.min.js
WARNING 2023-01-03 18:05:03,480 log 11284 31428 Not Found: /static/admin/js/jquery.init.js
WARNING 2023-01-03 18:05:03,482 log 11284 31856 Not Found: /static/admin/js/actions.js
WARNING 2023-01-03 18:05:03,483 log 11284 32128 Not Found: /static/admin/js/prepopulate.js
WARNING 2023-01-03 18:05:03,487 log 11284 32392 Not Found: /static/admin/js/vendor/xregexp/xregexp.min.js
WARNING 2023-01-03 18:05:03,492 log 11284 15308 Not Found: /static/admin/js/prepopulate_init.js
WARNING 2023-01-03 18:05:03,502 log 11284 15308 Not Found: /static/admin/js/nav_sidebar.js
WARNING 2023-01-03 18:05:03,503 log 11284 23504 Not Found: /static/admin/js/change_form.js
WARNING 2023-01-03 18:05:03,504 log 11284 32392 Not Found: /static/admin/css/responsive.css
WARNING 2023-01-03 18:06:00,153 log 11284 32392 Not Found: /static/admin/css/base.css
WARNING 2023-01-03 18:06:00,155 log 11284 23504 Not Found: /static/admin/css/dark_mode.css
WARNING 2023-01-03 18:06:00,157 log 11284 15308 Not Found: /static/admin/js/vendor/jquery/jquery.min.js
WARNING 2023-01-03 18:06:00,160 log 11284 31856 Not Found: /static/admin/js/urlify.js
WARNING 2023-01-03 18:06:00,162 log 11284 31428 Not Found: /static/admin/js/prepopulate.js
WARNING 2023-01-03 18:06:00,165 log 11284 31892 Not Found: /static/admin/css/nav_sidebar.css
WARNING 2023-01-03 18:06:00,171 log 11284 23504 Not Found: /static/admin/css/responsive.css
WARNING 2023-01-03 18:06:00,172 log 11284 32564 Not Found: /static/admin/css/changelists.css
WARNING 2023-01-03 18:06:00,183 log 11284 23504 Not Found: /static/admin/js/admin/RelatedObjectLookups.js
WARNING 2023-01-03 18:06:00,184 log 11284 31892 Not Found: /static/admin/js/actions.js
WARNING 2023-01-03 18:06:00,187 log 11284 30420 Not Found: /static/admin/js/jquery.init.js
WARNING 2023-01-03 18:06:00,191 log 11284 27468 Not Found: /static/admin/js/core.js
WARNING 2023-01-03 18:06:00,196 log 11284 32744 Not Found: /static/admin/js/vendor/xregexp/xregexp.min.js
WARNING 2023-01-03 18:06:00,204 log 11284 20592 Not Found: /static/admin/js/nav_sidebar.js
WARNING 2023-01-03 18:06:00,206 log 11284 32744 Not Found: /static/admin/js/filters.js
WARNING 2023-01-03 18:06:00,208 log 11284 27468 Not Found: /static/admin/css/responsive.css
WARNING 2023-01-03 18:06:00,209 log 11284 30420 Not Found: /static/admin/img/search.svg
WARNING 2023-01-03 18:06:28,584 log 11284 30420 Not Found: /static/admin/css/base.css
WARNING 2023-01-03 18:06:28,587 log 11284 27468 Not Found: /static/admin/css/changelists.css
WARNING 2023-01-03 18:06:28,588 log 11284 32744 Not Found: /static/admin/css/dark_mode.css
WARNING 2023-01-03 18:06:28,589 log 11284 20592 Not Found: /static/admin/css/nav_sidebar.css
WARNING 2023-01-03 18:06:28,590 log 11284 23504 Not Found: /static/admin/js/vendor/jquery/jquery.min.js
WARNING 2023-01-03 18:06:28,596 log 11284 30420 Not Found: /static/admin/css/responsive.css
WARNING 2023-01-03 18:06:28,598 log 11284 27468 Not Found: /static/admin/js/urlify.js
WARNING 2023-01-03 18:06:28,600 log 11284 23504 Not Found: /static/admin/js/jquery.init.js
WARNING 2023-01-03 18:06:28,601 log 11284 20592 Not Found: /static/admin/js/core.js
WARNING 2023-01-03 18:06:28,602 log 11284 32744 Not Found: /static/admin/js/prepopulate.js
WARNING 2023-01-03 18:06:28,607 log 11284 30420 Not Found: /static/admin/js/admin/RelatedObjectLookups.js
WARNING 2023-01-03 18:06:28,608 log 11284 27468 Not Found: /static/admin/js/actions.js
WARNING 2023-01-03 18:06:28,613 log 11284 31804 Not Found: /static/admin/js/vendor/xregexp/xregexp.min.js
WARNING 2023-01-03 18:06:28,621 log 11284 31804 Not Found: /static/admin/js/nav_sidebar.js
WARNING 2023-01-03 18:06:28,622 log 11284 27468 Not Found: /static/admin/js/filters.js
WARNING 2023-01-03 18:06:28,623 log 11284 31892 Not Found: /static/admin/css/responsive.css
WARNING 2023-01-03 18:06:31,874 log 11284 31892 Not Found: /static/admin/css/base.css
WARNING 2023-01-03 18:06:31,877 log 11284 27468 Not Found: /static/admin/css/dark_mode.css
WARNING 2023-01-03 18:06:31,878 log 11284 31804 Not Found: /static/admin/js/jquery.init.js
WARNING 2023-01-03 18:06:31,880 log 11284 32744 Not Found: /static/admin/js/core.js
WARNING 2023-01-03 18:06:31,881 log 11284 20592 Not Found: /static/admin/js/admin/RelatedObjectLookups.js
WARNING 2023-01-03 18:06:31,885 log 11284 31684 Not Found: /static/admin/js/SelectBox.js
WARNING 2023-01-03 18:06:31,888 log 11284 31892 Not Found: /static/admin/css/nav_sidebar.css
WARNING 2023-01-03 18:06:31,890 log 11284 31804 Not Found: /static/admin/css/forms.css
WARNING 2023-01-03 18:06:31,892 log 11284 6084 Not Found: /static/admin/css/responsive.css
WARNING 2023-01-03 18:06:31,898 log 11284 30864 Not Found: /static/admin/js/SelectFilter2.js
WARNING 2023-01-03 18:06:31,899 log 11284 31684 Not Found: /static/admin/js/vendor/jquery/jquery.min.js
WARNING 2023-01-03 18:06:31,901 log 11284 31892 Not Found: /static/admin/js/actions.js
WARNING 2023-01-03 18:06:31,904 log 11284 6084 Not Found: /static/admin/js/prepopulate.js
WARNING 2023-01-03 18:06:31,906 log 11284 32316 Not Found: /static/admin/js/urlify.js
WARNING 2023-01-03 18:06:31,907 log 11284 30864 Not Found: /static/admin/js/vendor/xregexp/xregexp.min.js
WARNING 2023-01-03 18:06:31,917 log 11284 30864 Not Found: /static/admin/js/prepopulate_init.js
WARNING 2023-01-03 18:06:31,919 log 11284 20592 Not Found: /static/admin/js/nav_sidebar.js
WARNING 2023-01-03 18:06:31,922 log 11284 30864 Not Found: /static/admin/css/responsive.css
WARNING 2023-01-03 18:06:31,923 log 11284 6084 Not Found: /static/admin/js/change_form.js
WARNING 2023-01-03 18:06:31,924 log 11284 32316 Not Found: /static/admin/img/icon-addlink.svg
WARNING 2023-01-03 18:08:01,411 log 11284 32316 Not Found: /static/admin/css/base.css
WARNING 2023-01-03 18:08:01,412 log 11284 6084 Not Found: /static/admin/css/dark_mode.css
WARNING 2023-01-03 18:08:01,413 log 11284 30864 Not Found: /static/admin/css/forms.css
WARNING 2023-01-03 18:08:01,415 log 11284 31684 Not Found: /static/admin/js/core.js
WARNING 2023-01-03 18:08:01,416 log 11284 31892 Not Found: /static/admin/js/vendor/jquery/jquery.min.js
WARNING 2023-01-03 18:08:01,422 log 11284 32316 Not Found: /static/admin/css/responsive.css
WARNING 2023-01-03 18:08:01,424 log 11284 6084 Not Found: /static/admin/js/jquery.init.js
WARNING 2023-01-03 18:08:01,426 log 11284 30864 Not Found: /static/admin/js/admin/RelatedObjectLookups.js
WARNING 2023-01-03 18:08:01,427 log 11284 31684 Not Found: /static/admin/js/actions.js
WARNING 2023-01-03 18:08:01,430 log 11284 31880 Not Found: /static/admin/js/urlify.js
WARNING 2023-01-03 18:08:01,431 log 11284 32316 Not Found: /static/admin/js/prepopulate.js
WARNING 2023-01-03 18:08:01,438 log 11284 26836 Not Found: /static/admin/js/vendor/xregexp/xregexp.min.js
WARNING 2023-01-03 18:08:01,442 log 11284 31336 Not Found: /static/admin/js/prepopulate_init.js
WARNING 2023-01-03 18:08:01,447 log 11284 31336 Not Found: /static/admin/js/change_form.js
WARNING 2023-01-03 18:08:01,449 log 11284 26836 Not Found: /static/admin/css/responsive.css
WARNING 2023-01-03 18:08:09,047 log 11284 26836 Not Found: /static/admin/js/vendor/jquery/jquery.min.js
WARNING 2023-01-03 18:08:09,050 log 11284 31336 Not Found: /static/admin/js/jquery.init.js
WARNING 2023-01-03 18:08:09,053 log 11284 20592 Not Found: /static/admin/js/admin/RelatedObjectLookups.js
WARNING 2023-01-03 18:08:19,554 log 11284 20592 Not Found: /static/admin/css/base.css
WARNING 2023-01-03 18:08:19,556 log 11284 26836 Not Found: /static/admin/css/nav_sidebar.css
WARNING 2023-01-03 18:08:19,557 log 11284 32316 Not Found: /static/admin/css/changelists.css
WARNING 2023-01-03 18:08:19,561 log 11284 31684 Not Found: /static/admin/js/vendor/jquery/jquery.min.js
WARNING 2023-01-03 18:08:19,562 log 11284 31336 Not Found: /static/admin/css/dark_mode.css
WARNING 2023-01-03 18:08:19,566 log 11284 20592 Not Found: /static/admin/css/responsive.css
WARNING 2023-01-03 18:08:19,569 log 11284 26836 Not Found: /static/admin/js/jquery.init.js
WARNING 2023-01-03 18:08:19,571 log 11284 32316 Not Found: /static/admin/js/core.js
WARNING 2023-01-03 18:08:19,572 log 11284 31684 Not Found: /static/admin/js/admin/RelatedObjectLookups.js
WARNING 2023-01-03 18:08:19,573 log 11284 31336 Not Found: /static/admin/js/actions.js
WARNING 2023-01-03 18:08:19,579 log 11284 20592 Not Found: /static/admin/js/urlify.js
WARNING 2023-01-03 18:08:19,580 log 11284 26836 Not Found: /static/admin/js/prepopulate.js
WARNING 2023-01-03 18:08:19,581 log 11284 32316 Not Found: /static/admin/js/vendor/xregexp/xregexp.min.js
WARNING 2023-01-03 18:08:19,593 log 11284 32316 Not Found: /static/admin/js/nav_sidebar.js
WARNING 2023-01-03 18:08:19,595 log 11284 31880 Not Found: /static/admin/js/filters.js
WARNING 2023-01-03 18:08:19,596 log 11284 26836 Not Found: /static/admin/css/responsive.css
WARNING 2023-01-03 18:09:27,124 log 11284 31880 Not Found: /static/md_css/monokai.css
WARNING 2023-01-03 18:09:27,125 log 11284 26836 Not Found: /media/0
WARNING 2023-01-03 18:09:27,126 log 11284 32316 Not Found: /static/jquery/jquery.js
WARNING 2023-01-03 18:09:30,142 log 11284 32316 Not Found: /static/md_css/monokai.css
WARNING 2023-01-03 18:09:30,144 log 11284 26836 Not Found: /media/0
WARNING 2023-01-03 18:09:30,145 log 11284 31880 Not Found: /static/jquery/jquery.js
WARNING 2023-01-03 18:09:31,236 log 11284 31880 Not Found: /static/md_css/monokai.css
WARNING 2023-01-03 18:09:31,238 log 11284 26836 Not Found: /media/0
WARNING 2023-01-03 18:09:31,239 log 11284 32316 Not Found: /static/jquery/jquery.js
WARNING 2023-01-03 18:09:31,879 log 11284 32316 Not Found: /static/md_css/monokai.css
WARNING 2023-01-03 18:09:31,880 log 11284 26836 Not Found: /media/0
WARNING 2023-01-03 18:09:31,881 log 11284 31880 Not Found: /static/jquery/jquery.js
